<html>
<body>
<pre>
<h1>µVision Build Log</h1>
<h2>Project:</h2>
C:\Keil\Labware\Lab5_FunctionsInC\Lab5.uvproj
Project File Date:  10/08/2020

<h2>Output:</h2>
Build target 'FunctionsInC'
compiling main.c...
main.c(64): error:  #20: identifier "SW_PIN_PE0" is undefined
    TExaS_Init(SW_PIN_PE0, LED_PIN_PE1, ScopeOn);  // activate grader and set system clock to 80 MHz
main.c(64): error:  #20: identifier "LED_PIN_PE1" is undefined
    TExaS_Init(SW_PIN_PE0, LED_PIN_PE1, ScopeOn);  // activate grader and set system clock to 80 MHz
main.c(64): error:  #20: identifier "ScopeOn" is undefined
    TExaS_Init(SW_PIN_PE0, LED_PIN_PE1, ScopeOn);  // activate grader and set system clock to 80 MHz
main.c(64): error:  #140: too many arguments in function call
    TExaS_Init(SW_PIN_PE0, LED_PIN_PE1, ScopeOn);  // activate grader and set system clock to 80 MHz
main.c(93): warning:  #1-D: last line of file ends without a newline
  }
main.c: 1 warning, 4 errors
".\FunctionsInC.axf" - 4 Error(s), 1 Warning(s).
Target not created
</pre>
</body>
</html>
